0 info it worked if it ends with ok
1 verbose cli [ '/usr/bin/node', '/usr/bin/npm', 'restart' ]
2 info using npm@2.11.3
3 info using node@v0.12.7
4 verbose node symlink /usr/bin/node
5 verbose run-script [ 'prerestart',
5 verbose run-script   'prestop',
5 verbose run-script   'stop',
5 verbose run-script   'poststop',
5 verbose run-script   'restart',
5 verbose run-script   'prestart',
5 verbose run-script   'start',
5 verbose run-script   'poststart',
5 verbose run-script   'postrestart' ]
6 info prerestart healthy-bythes-beaconsAPI@0.0.1
7 info prestop healthy-bythes-beaconsAPI@0.0.1
8 info stop healthy-bythes-beaconsAPI@0.0.1
9 info poststop healthy-bythes-beaconsAPI@0.0.1
10 info restart healthy-bythes-beaconsAPI@0.0.1
11 info prestart healthy-bythes-beaconsAPI@0.0.1
12 info start healthy-bythes-beaconsAPI@0.0.1
13 verbose unsafe-perm in lifecycle true
14 info healthy-bythes-beaconsAPI@0.0.1 Failed to exec start script
15 verbose stack Error: healthy-bythes-beaconsAPI@0.0.1 start: `node Server.js`
15 verbose stack Exit status 1
15 verbose stack     at EventEmitter.<anonymous> (/usr/lib/node_modules/npm/lib/utils/lifecycle.js:213:16)
15 verbose stack     at EventEmitter.emit (events.js:110:17)
15 verbose stack     at ChildProcess.<anonymous> (/usr/lib/node_modules/npm/lib/utils/spawn.js:24:14)
15 verbose stack     at ChildProcess.emit (events.js:110:17)
15 verbose stack     at maybeClose (child_process.js:1015:16)
15 verbose stack     at Process.ChildProcess._handle.onexit (child_process.js:1087:5)
16 verbose pkgid healthy-bythes-beaconsAPI@0.0.1
17 verbose cwd /home/ehealth/beacons/public_html/api
18 error Linux 3.13.0-32-generic
19 error argv "/usr/bin/node" "/usr/bin/npm" "restart"
20 error node v0.12.7
21 error npm  v2.11.3
22 error code ELIFECYCLE
23 error healthy-bythes-beaconsAPI@0.0.1 start: `node Server.js`
23 error Exit status 1
24 error Failed at the healthy-bythes-beaconsAPI@0.0.1 start script 'node Server.js'.
24 error This is most likely a problem with the healthy-bythes-beaconsAPI package,
24 error not with npm itself.
24 error Tell the author that this fails on your system:
24 error     node Server.js
24 error You can get their info via:
24 error     npm owner ls healthy-bythes-beaconsAPI
24 error There is likely additional logging output above.
25 verbose exit [ 1, true ]
